Сборка начата 03.04.2025 10:31:42.
Уровень детализации журнала: Normal.     1>Проект "D:\prog\КПО\lab6\lab6APP\lab6APP.vcxproj" в узле 2 (целевые объекты Build).
     1>PrepareForBuild:
         Структурированный вывод включен. Форматирование диагностики компилятора будет отражать иерархию ошибок. Подробнее см. https://aka.ms/cpp/structured-output.
       InitializeBuildStatus:
         Обращение к "x64\Debug\lab6APP.tlog\unsuccessfulbuild".
       ClCompile:
         C:\Program Files\Microsoft Visual Studio\2022\Community\VC\Tools\MSVC\14.43.34808\bin\HostX64\x64\CL.exe /c /ZI /JMC /nologo /W3 /WX- /diagnostics:column /sdl /Od /D _DEBUG /D _CONSOLE /D _UNICODE /D UNICODE /Gm- /EHsc /RTC1 /MDd /GS /fp:precise /Zc:wchar_t /Zc:forScope /Zc:inline /permissive- /Fo"x64\Debug\\" /Fd"x64\Debug\vc143.pdb" /external:W3 /Gd /TP /FC /errorReport:prompt main.cpp
         main.cpp
       Link:
         C:\Program Files\Microsoft Visual Studio\2022\Community\VC\Tools\MSVC\14.43.34808\bin\HostX64\x64\link.exe /ERRORREPORT:PROMPT /OUT:"D:\prog\КПО\lab6\x64\Debug\lab6APP.exe" /INCREMENTAL /ILK:"x64\Debug\lab6APP.ilk" /NOLOGO kernel32.lib user32.lib gdi32.lib winspool.lib comdlg32.lib advapi32.lib shell32.lib ole32.lib oleaut32.lib uuid.lib odbc32.lib odbccp32.lib /MANIFEST /MANIFESTUAC:"level='asInvoker' uiAccess='false'" /manifest:embed /DEBUG /PDB:"D:\prog\КПО\lab6\x64\Debug\lab6APP.pdb" /SUBSYSTEM:CONSOLE /TLBID:1 /DYNAMICBASE /NXCOMPAT /IMPLIB:"D:\prog\КПО\lab6\x64\Debug\lab6APP.lib" /MACHINE:X64 D:\prog\КПО\lab6\x64\Debug\lab6LIB.lib x64\Debug\main.obj
         lab6APP.vcxproj -> D:\prog\КПО\lab6\x64\Debug\lab6APP.exe
       FinalizeBuildStatus:
         Файл "x64\Debug\lab6APP.tlog\unsuccessfulbuild" удаляется.
         Обращение к "x64\Debug\lab6APP.tlog\lab6APP.lastbuildstate".
     1>Сборка проекта "D:\prog\КПО\lab6\lab6APP\lab6APP.vcxproj" завершена (целевые объекты Build).

Сборка успешно завершена.
    Предупреждений: 0
    Ошибок: 0

Прошло времени 00:00:01.09
