Сборка начата 10.03.2025 9:52:16.
Уровень детализации журнала: Normal.     1>Проект "D:\Учеба\KPO2SEM\Labs\LR4\labs\SE_Lab04\SE_Lab04\SE_Lab04.vcxproj" в узле 2 (целевые объекты Build).
     1>PrepareForBuild:
         Структурированный вывод включен. Форматирование диагностики компилятора будет отражать иерархию ошибок. Подробнее см. https://aka.ms/cpp/structured-output.
       InitializeBuildStatus:
         Создание "x64\Debug\SE_Lab04.tlog\unsuccessfulbuild", так как было задано "AlwaysCreate".
         Обращение к "x64\Debug\SE_Lab04.tlog\unsuccessfulbuild".
       ClCompile:
         C:\Program Files\Microsoft Visual Studio\2022\Community\VC\Tools\MSVC\14.41.34120\bin\HostX64\x64\CL.exe /c /ZI /JMC /nologo /W3 /WX- /diagnostics:column /sdl /Od /D _DEBUG /D _CONSOLE /D _UNICODE /D UNICODE /Gm- /EHsc /RTC1 /MDd /GS /fp:precise /Zc:wchar_t /Zc:forScope /Zc:inline /permissive- /Fo"x64\Debug\\" /Fd"x64\Debug\vc143.pdb" /external:W3 /Gd /TP /FC /errorReport:prompt main.cpp
         main.cpp
     1>D:\Учеба\KPO2SEM\Labs\LR4\labs\SE_Lab04\SE_Lab04\main.cpp(33,22): warning C4838: Преобразование из "int" в "year" требует сужающего преобразования.
     1>D:\Учеба\KPO2SEM\Labs\LR4\labs\SE_Lab04\SE_Lab04\main.cpp(33,22): warning C4305: инициализация: усечение из "int" в "year"
     1>D:\Учеба\KPO2SEM\Labs\LR4\labs\SE_Lab04\SE_Lab04\main.cpp(33,22): warning C4309: инициализация: усечение константного значения
     1>D:\Учеба\KPO2SEM\Labs\LR4\labs\SE_Lab04\SE_Lab04\main.cpp(34,21): warning C4838: Преобразование из "int" в "year" требует сужающего преобразования.
     1>D:\Учеба\KPO2SEM\Labs\LR4\labs\SE_Lab04\SE_Lab04\main.cpp(34,21): warning C4305: инициализация: усечение из "int" в "year"
     1>D:\Учеба\KPO2SEM\Labs\LR4\labs\SE_Lab04\SE_Lab04\main.cpp(34,21): warning C4309: инициализация: усечение константного значения
     1>D:\Учеба\KPO2SEM\Labs\LR4\labs\SE_Lab04\SE_Lab04\main.cpp(35,22): warning C4838: Преобразование из "int" в "year" требует сужающего преобразования.
     1>D:\Учеба\KPO2SEM\Labs\LR4\labs\SE_Lab04\SE_Lab04\main.cpp(35,22): warning C4305: инициализация: усечение из "int" в "year"
     1>D:\Учеба\KPO2SEM\Labs\LR4\labs\SE_Lab04\SE_Lab04\main.cpp(35,22): warning C4309: инициализация: усечение константного значения
       Link:
         C:\Program Files\Microsoft Visual Studio\2022\Community\VC\Tools\MSVC\14.41.34120\bin\HostX64\x64\link.exe /ERRORREPORT:PROMPT /OUT:"D:\Учеба\KPO2SEM\Labs\LR4\labs\SE_Lab04\x64\Debug\SE_Lab04.exe" /INCREMENTAL /ILK:"x64\Debug\SE_Lab04.ilk" /NOLOGO kernel32.lib user32.lib gdi32.lib winspool.lib comdlg32.lib advapi32.lib shell32.lib ole32.lib oleaut32.lib uuid.lib odbc32.lib odbccp32.lib /MANIFEST /MANIFESTUAC:"level='asInvoker' uiAccess='false'" /manifest:embed /DEBUG /PDB:"D:\Учеба\KPO2SEM\Labs\LR4\labs\SE_Lab04\x64\Debug\SE_Lab04.pdb" /SUBSYSTEM:CONSOLE /TLBID:1 /DYNAMICBASE /NXCOMPAT /IMPLIB:"D:\Учеба\KPO2SEM\Labs\LR4\labs\SE_Lab04\x64\Debug\SE_Lab04.lib" /MACHINE:X64 x64\Debug\main.obj
         SE_Lab04.vcxproj -> D:\Учеба\KPO2SEM\Labs\LR4\labs\SE_Lab04\x64\Debug\SE_Lab04.exe
       FinalizeBuildStatus:
         Файл "x64\Debug\SE_Lab04.tlog\unsuccessfulbuild" удаляется.
         Обращение к "x64\Debug\SE_Lab04.tlog\SE_Lab04.lastbuildstate".
     1>Сборка проекта "D:\Учеба\KPO2SEM\Labs\LR4\labs\SE_Lab04\SE_Lab04\SE_Lab04.vcxproj" завершена (целевые объекты Build).

Сборка успешно завершена.

       "D:\Учеба\KPO2SEM\Labs\LR4\labs\SE_Lab04\SE_Lab04\SE_Lab04.vcxproj" (целевой объект Build ) (1) ->
       (Целевой объект ClCompile) -> 
         D:\Учеба\KPO2SEM\Labs\LR4\labs\SE_Lab04\SE_Lab04\main.cpp(33,22): warning C4838: Преобразование из "int" в "year" требует сужающего преобразования.
         D:\Учеба\KPO2SEM\Labs\LR4\labs\SE_Lab04\SE_Lab04\main.cpp(33,22): warning C4305: инициализация: усечение из "int" в "year"
         D:\Учеба\KPO2SEM\Labs\LR4\labs\SE_Lab04\SE_Lab04\main.cpp(33,22): warning C4309: инициализация: усечение константного значения
         D:\Учеба\KPO2SEM\Labs\LR4\labs\SE_Lab04\SE_Lab04\main.cpp(34,21): warning C4838: Преобразование из "int" в "year" требует сужающего преобразования.
         D:\Учеба\KPO2SEM\Labs\LR4\labs\SE_Lab04\SE_Lab04\main.cpp(34,21): warning C4305: инициализация: усечение из "int" в "year"
         D:\Учеба\KPO2SEM\Labs\LR4\labs\SE_Lab04\SE_Lab04\main.cpp(34,21): warning C4309: инициализация: усечение константного значения
         D:\Учеба\KPO2SEM\Labs\LR4\labs\SE_Lab04\SE_Lab04\main.cpp(35,22): warning C4838: Преобразование из "int" в "year" требует сужающего преобразования.
         D:\Учеба\KPO2SEM\Labs\LR4\labs\SE_Lab04\SE_Lab04\main.cpp(35,22): warning C4305: инициализация: усечение из "int" в "year"
         D:\Учеба\KPO2SEM\Labs\LR4\labs\SE_Lab04\SE_Lab04\main.cpp(35,22): warning C4309: инициализация: усечение константного значения

    Предупреждений: 9
    Ошибок: 0

Прошло времени 00:00:00.74
