d:\учеба\kpo2sem\labs\lr9\lr9\lr9\x64\debug\vc143.pdb
d:\учеба\kpo2sem\labs\lr9\lr9\lr9\x64\debug\vc143.idb
d:\учеба\kpo2sem\labs\lr9\lr9\lr9\x64\debug\main.obj
d:\учеба\kpo2sem\labs\lr9\lr9\lr9\x64\debug\varparm.obj
d:\учеба\kpo2sem\labs\lr9\lr9\lr9\x64\debug\lr9.ilk
d:\учеба\kpo2sem\labs\lr9\lr9\x64\debug\lr9.pdb
d:\учеба\kpo2sem\labs\lr9\lr9\lr9\x64\debug\lr9.tlog\cl.command.1.tlog
d:\учеба\kpo2sem\labs\lr9\lr9\lr9\x64\debug\lr9.tlog\cl.items.tlog
d:\учеба\kpo2sem\labs\lr9\lr9\lr9\x64\debug\lr9.tlog\cl.read.1.tlog
d:\учеба\kpo2sem\labs\lr9\lr9\lr9\x64\debug\lr9.tlog\cl.write.1.tlog
d:\учеба\kpo2sem\labs\lr9\lr9\lr9\x64\debug\lr9.tlog\link-cvtres.read.1.tlog
d:\учеба\kpo2sem\labs\lr9\lr9\lr9\x64\debug\lr9.tlog\link-cvtres.write.1.tlog
d:\учеба\kpo2sem\labs\lr9\lr9\lr9\x64\debug\lr9.tlog\link-rc.read.1.tlog
d:\учеба\kpo2sem\labs\lr9\lr9\lr9\x64\debug\lr9.tlog\link-rc.write.1.tlog
d:\учеба\kpo2sem\labs\lr9\lr9\lr9\x64\debug\lr9.tlog\link.4416-cvtres.read.1.tlog
d:\учеба\kpo2sem\labs\lr9\lr9\lr9\x64\debug\lr9.tlog\link.4416-cvtres.write.1.tlog
d:\учеба\kpo2sem\labs\lr9\lr9\lr9\x64\debug\lr9.tlog\link.4416-rc.read.1.tlog
d:\учеба\kpo2sem\labs\lr9\lr9\lr9\x64\debug\lr9.tlog\link.4416-rc.write.1.tlog
d:\учеба\kpo2sem\labs\lr9\lr9\lr9\x64\debug\lr9.tlog\link.4416.read.1.tlog
d:\учеба\kpo2sem\labs\lr9\lr9\lr9\x64\debug\lr9.tlog\link.4416.read.2.tlog
d:\учеба\kpo2sem\labs\lr9\lr9\lr9\x64\debug\lr9.tlog\link.4416.write.1.tlog
d:\учеба\kpo2sem\labs\lr9\lr9\lr9\x64\debug\lr9.tlog\link.command.1.tlog
d:\учеба\kpo2sem\labs\lr9\lr9\lr9\x64\debug\lr9.tlog\link.read.1.tlog
d:\учеба\kpo2sem\labs\lr9\lr9\lr9\x64\debug\lr9.tlog\link.read.2.tlog
d:\учеба\kpo2sem\labs\lr9\lr9\lr9\x64\debug\lr9.tlog\link.secondary.1.tlog
d:\учеба\kpo2sem\labs\lr9\lr9\lr9\x64\debug\lr9.tlog\link.write.1.tlog
